         w __gthr_impl_key_create
         w __wut_socket_fini_devoptab
         w __wut_socket_init_devoptab
         w socket_lib_init
02000000 T __init
02000024 000000a4 W abort
020000d8 00000034 W __gnu_cxx::__throw_concurrence_lock_error()
0200010c 00000034 W __gnu_cxx::__throw_concurrence_unlock_error()
02000140 00000024 T std::terminate()
02000164 00000024 T std::unexpected()
02000188 00000034 T std::__throw_bad_alloc()
020001bc 00000058 T std::__throw_logic_error(char const*)
02000214 00000058 T std::__throw_length_error(char const*)
0200026c 00000058 T __cxa_call_terminate
020002c4 0000000c t _GLOBAL__sub_D_sDefaultValues
020002d0 0000005c t _GLOBAL__sub_D__ZN9__gnu_cxx9__freeresEv
0200032c 00000048 t _GLOBAL__sub_D__ZN17__eh_globals_init7_S_initE
02000374 00000028 t _GLOBAL__sub_I_sDefaultValues
0200039c 0000021c t _GLOBAL__sub_I__ZN9__gnu_cxx9__freeresEv
020005b8 00000050 t _GLOBAL__sub_I__ZN17__eh_globals_init7_S_initE
02000608 t __do_global_dtors_aux
020006d4 t frame_dummy
020006f8 00000004 T on_init_wut_malloc()
020006fc 00000004 T on_fini_wut_malloc()
02000700 00000014 T on_init_wut_sockets()
02000714 00000014 T on_fini_wut_sockets()
02000728 00000004 T on_init_wut_newlib()
0200072c 00000004 T on_fini_wut_newlib()
02000730 00000004 T on_init_wut_stdcpp()
02000734 00000004 T on_fini_wut_stdcpp()
02000738 00000040 T __init_wrapper()
02000788 00000004 T __fini_wrapper()
0200078c 00000038 T wups_init_config_functions(wups_loader_init_config_args_t)
020007c4 00000004 T on_init_wut_devoptab()
020007c8 00000004 T on_fini_wut_devoptab()
020007cc 00000034 T init_storage(wups_loader_init_storage_args_t_)
02000800 00000034 T on_app_requests_exit()
02000844 000000b0 T my_FSOpenFile(FSClient*, FSCmdBlock*, char const*, char const*, int*, int)
02000904 00000010 W WUPSConfigItemBoolean::~WUPSConfigItemBoolean()
02000904 00000010 W WUPSConfigItemBoolean::~WUPSConfigItemBoolean()
02000914 00000040 W WUPSConfigItemBoolean::~WUPSConfigItemBoolean()
02000954 00000010 W WUPSConfigItemIntegerRange::~WUPSConfigItemIntegerRange()
02000954 00000010 W WUPSConfigItemIntegerRange::~WUPSConfigItemIntegerRange()
02000964 00000040 W WUPSConfigItemIntegerRange::~WUPSConfigItemIntegerRange()
020009a4 00000010 W WUPSConfigItemMultipleValues::~WUPSConfigItemMultipleValues()
020009a4 00000010 W WUPSConfigItemMultipleValues::~WUPSConfigItemMultipleValues()
020009b4 00000040 W WUPSConfigItemMultipleValues::~WUPSConfigItemMultipleValues()
020009f4 00000010 W WUPSConfigItemStub::~WUPSConfigItemStub()
020009f4 00000010 W WUPSConfigItemStub::~WUPSConfigItemStub()
02000a04 00000040 W WUPSConfigItemStub::~WUPSConfigItemStub()
02000a44 00000008 T ConfigMenuClosedCallback()
02000a4c 00000028 T on_app_starting()
02000a74 00000004 T on_app_ending()
02000a78 00000004 T deinit_plugin()
02000a7c 00000208 T init_plugin()
02000c94 000000f0 T integerRangeItemChanged(ConfigItemIntegerRange*, int)
02000d94 00000268 T boolItemChanged(ConfigItemBoolean*, bool)
0200100c 00000034 W std::_Optional_payload_base<std::__cxx11::basic_string<char, std::char_traits<char>, std::allocator<char> > >::_M_reset()
02001040 00000acc T ConfigMenuOpenedCallback(WUPSConfigCategoryHandle)
02001b1c 00000004 T initLogging
02001b20 00000004 T deinitLogging
02001b24 00000040 T WUPSConfigCategory::~WUPSConfigCategory()
02001b24 00000040 T WUPSConfigCategory::~WUPSConfigCategory()
02001b64 00000054 T WUPSConfigCategory::~WUPSConfigCategory()
02001bb8 00000018 T WUPSConfigCategory::WUPSConfigCategory(WUPSConfigCategoryHandle)
02001bb8 00000018 T WUPSConfigCategory::WUPSConfigCategory(WUPSConfigCategoryHandle)
02001bd0 000000b8 T WUPSConfigCategory::Create(std::basic_string_view<char, std::char_traits<char> >, WUPSConfigAPIStatus&)
02001c88 000000b8 T WUPSConfigCategory::add(WUPSConfigCategory&&, WUPSConfigAPIStatus&)
02001d50 000000bc T WUPSConfigCategory::add(WUPSConfigCategory&&)
02001e1c 000000c0 T WUPSConfigCategory::add(WUPSConfigItem&&, WUPSConfigAPIStatus&)
02001eec 000000bc T WUPSConfigCategory::add(WUPSConfigItem&&)
02001fb8 00000020 W std::__cxx11::basic_string<char, std::char_traits<char>, std::allocator<char> >::_M_dispose()
02001fd8 0000026c T WUPSConfigCategory::Create(std::basic_string_view<char, std::char_traits<char> >)
02002244 00000040 T WUPSConfigItem::~WUPSConfigItem()
02002244 00000040 T WUPSConfigItem::~WUPSConfigItem()
02002284 00000054 T WUPSConfigItem::~WUPSConfigItem()
020022d8 000001f4 T WUPSConfigItemBoolean::Create(std::optional<std::__cxx11::basic_string<char, std::char_traits<char>, std::allocator<char> > >, std::basic_string_view<char, std::char_traits<char> >, bool, bool, void (*)(ConfigItemBoolean*, bool), WUPSConfigAPIStatus&)
020024cc 00000114 W std::__cxx11::basic_string<char, std::char_traits<char>, std::allocator<char> >::basic_string<std::allocator<char> >(char const*, std::allocator<char> const&)
020024cc 00000114 W std::__cxx11::basic_string<char, std::char_traits<char>, std::allocator<char> >::basic_string<std::allocator<char> >(char const*, std::allocator<char> const&)
020025e0 000001d0 W std::__cxx11::basic_string<char, std::char_traits<char>, std::allocator<char> >::_M_mutate(unsigned int, unsigned int, char const*, unsigned int)
020027b0 00000140 W std::__cxx11::basic_string<char, std::char_traits<char>, std::allocator<char> >::append(char const*)
020028f0 00000250 T WUPSConfigItemBoolean::Create(std::optional<std::__cxx11::basic_string<char, std::char_traits<char>, std::allocator<char> > >, std::basic_string_view<char, std::char_traits<char> >, bool, bool, void (*)(ConfigItemBoolean*, bool))
02002b40 0000043c T WUPSConfigItemIntegerRange::Create(std::optional<std::__cxx11::basic_string<char, std::char_traits<char>, std::allocator<char> > >, std::basic_string_view<char, std::char_traits<char> >, int, int, int, int, void (*)(ConfigItemIntegerRange*, int))
02002f7c 0000023c T WUPSConfigItemMultipleValues::CreateFromIndex(std::optional<std::__cxx11::basic_string<char, std::char_traits<char>, std::allocator<char> > const>, std::basic_string_view<char, std::char_traits<char> >, int, int, std::span<WUPSConfigItemMultipleValues::ValuePair const, 4294967295u> const&, void (*)(ConfigItemMultipleValues*, unsigned int), WUPSConfigAPIStatus&)
020031b8 0000027c T WUPSConfigItemMultipleValues::CreateFromValue(std::optional<std::__cxx11::basic_string<char, std::char_traits<char>, std::allocator<char> > const>, std::basic_string_view<char, std::char_traits<char> >, unsigned int, unsigned int, std::span<WUPSConfigItemMultipleValues::ValuePair const, 4294967295u> const&, void (*)(ConfigItemMultipleValues*, unsigned int), WUPSConfigAPIStatus&)
02003434 0000025c W std::__cxx11::basic_string<char, std::char_traits<char>, std::allocator<char> >::_M_append(char const*, unsigned int)
02003690 000002e8 T WUPSConfigItemMultipleValues::CreateFromValue(std::optional<std::__cxx11::basic_string<char, std::char_traits<char>, std::allocator<char> > const>, std::basic_string_view<char, std::char_traits<char> >, int, int, std::span<WUPSConfigItemMultipleValues::ValuePair const, 4294967295u> const&, void (*)(ConfigItemMultipleValues*, unsigned int))
02003978 00000310 T WUPSConfigItemStub::Create(std::basic_string_view<char, std::char_traits<char> >)
02003c88 000000ec T WUPSConfigAPI_GetStatusStr
02003d74 000000d0 T WUPSConfigAPI_GetVersion
02003e64 000001f4 T WUPSConfigAPI_InitLibrary_Internal
02004078 000000ac T WUPSConfigAPI_Init
02004124 00000080 T WUPSConfigAPI_Category_CreateEx
020041a4 00000078 T WUPSConfigAPI_Category_Destroy
0200421c 0000008c T WUPSConfigAPI_Category_AddCategory
020042a8 0000008c T WUPSConfigAPI_Category_AddItem
02004334 0000009c T WUPSConfigAPI_Item_CreateEx
020043d0 00000078 T WUPSConfigAPI_Item_Destroy
02004448 0000000c T __wups_start
02004464 00000070 W __init_wut_socket
020044d4 0000006c W __fini_wut_socket
02004540 00000004 T __getreent
02004544 00000004 W wut_set_thread_specific
02004548 00000004 W wut_get_thread_specific
0200454c 0000014c W __assert_func
020046a8 000000a4 T WUPSStorageAPI_InitInternal
0200474c 000000e0 T WUPSStorageAPI_GetStatusStr
0200482c 00000034 T WUPSStorageAPI_SaveStorage
02004860 00000048 T WUPSStorageAPI_StoreItem
020048a8 0000005c T WUPSStorageAPI_GetItem
02004904 00000004 T WUPSStorageAPI::SaveStorage(bool)
02004908 000000cc t __wups_thread_cleanup(unsigned int*, void*)
020049f4 00000128 T __wups_getreent()
02004b5c 000000a8 T wups_set_thread_specific
02004c24 000000c8 T wups_get_thread_specific
02004d0c 00000024 t WUPSConfigItemBoolean_onCloseCallback(void*)
02004d30 0000000c t WUPSConfigItemBoolean_restoreDefault(void*)
02004d3c 00000074 t WUPSConfigItemBoolean_getCurrentValueSelectedDisplay(void*, char*, int)
02004db0 00000074 t WUPSConfigItemBoolean_getCurrentValueDisplay(void*, char*, int)
02004e24 00000068 t WUPSConfigItemBoolean_onInput(void*, WUPSConfigSimplePadData)
02004e8c 00000044 t WUPSConfigItemBoolean_onDelete(void*)
02004ed0 000001a0 T WUPSConfigItemBoolean_CreateEx
02005070 00000024 T WUPSConfigItemIntegerRange_onCloseCallback(void*)
02005094 00000074 T WUPSConfigItemIntegerRange_onInput(void*, WUPSConfigSimplePadData)
02005108 0000000c T WUPSConfigItemIntegerRange_restoreDefault(void*)
02005114 0000003c T WUPSConfigItemIntegerRange_getCurrentValueDisplay(void*, char*, int)
02005150 000000a0 T WUPSConfigItemIntegerRange_getCurrentValueSelectedDisplay(void*, char*, int)
020051f0 00000044 T WUPSConfigItemIntegerRange_onDelete(void*)
02005234 000001d0 T WUPSConfigItemIntegerRange_Create
02005404 0000004c t WUPSConfigItemMultipleValues_onCloseCallback(void*)
02005450 0000005c t WUPSConfigItemMultipleValues_onInput(void*, WUPSConfigSimplePadData)
020054ac 0000000c t WUPSConfigItemMultipleValues_restoreDefault(void*)
020054b8 00000104 t WUPSConfigItemMultipleValues_getCurrentValueSelectedDisplay(void*, char*, int)
020055bc 00000070 t WUPSConfigItemMultipleValues_getCurrentValueDisplay(void*, char*, int)
0200562c 00000088 t WUPSConfigItemMultipleValues_onDelete(void*)
020056b4 000002dc T WUPSConfigItemMultipleValues_Create
02005990 0000002c t WUPSConfigItemStub_getEmptyTextValue(void*, char*, int)
020059bc 00000004 t WUPSConfigItemStub_Cleanup(void*)
020059c0 00000130 T WUPSConfigItemStub_Create
02005af0 00000004 T __syscall_lock_acquire
02005af4 00000004 T __syscall_lock_release
02005af8 00000008 T __syscall_lock_init_recursive
02005b00 00000014 T __init_wut_newlib
02005b14 00000004 T __fini_wut_newlib
02005b18 00000060 T __fini_wut_sbrk_heap
02005b88 00000004 T __init_wut_malloc
02005b8c 00000004 T __fini_wut_malloc
02005b90 00000068 T _malloc_r
02005bf8 00000018 T _free_r
02005c10 000000d8 T _realloc_r
02005cf8 00000094 T _calloc_r
02005d8c 0000006c T _memalign_r
02005df8 00000008 T __gthr_impl_active
02005e00 00000004 T __gthr_impl_once
02005e04 00000030 T __gthr_impl_key_delete
02005e34 00000030 T __gthr_impl_getspecific
02005e64 00000030 T __gthr_impl_setspecific
02005e94 00000004 T __gthr_impl_mutex_init_function
02005e98 00000004 T __gthr_impl_mutex_destroy
02005e9c 00000004 T __gthr_impl_mutex_lock
02005ea0 00000004 T __gthr_impl_mutex_unlock
02005ea4 00000004 T __init_wut_stdcpp
02005ea8 00000004 T __fini_wut_stdcpp
02005eac 0000006c T __wut_key_delete(__wut_key_t)
02005f18 00000074 T __wut_getspecific(__wut_key_t)
02005f8c 00000088 T __wut_setspecific(__wut_key_t, void const*)
02006014 00000004 T __wut_mutex_init_function(OSMutex*)
02006028 00000024 T __wut_mutex_lock(OSMutex*)
0200605c 00000024 T __wut_mutex_unlock(OSMutex*)
02006090 00000008 T __wut_mutex_destroy(OSMutex*)
02006098 000000ac T __wut_once(unsigned int volatile*, void (*)())
02006174 000001d0 T __init_wut_devoptab
02006394 0000008c T __fini_wut_devoptab
02006440 000000a0 T __wut_fsa_dirclose
02006510 000001ac T __wut_fsa_dirnext
020066ec 00000168 T __wut_fsa_diropen
02006894 000000a0 T __wut_fsa_dirreset
02006964 000000d4 T __wut_fsa_fstat
02006a68 0000009c T __wut_fsa_fsync
02006b34 000000e0 T __wut_fsa_mkdir
02006c24 000004a4 T __wut_fsa_open
02007138 000001b4 T __wut_fsa_read
0200731c 00000114 T __wut_fsa_rename
02007440 000000c4 T __wut_fsa_rmdir
02007514 00000184 T __wut_fsa_seek
020076d8 00000118 T __wut_fsa_stat
02007800 00000168 T __wut_fsa_statvfs
02007978 000000c8 T __wut_fsa_ftruncate
02007a80 000000c4 T __wut_fsa_unlink
02007b54 00000040 T __wut_fsa_hashstring
02007b94 0000035c T __wut_fsa_fixpath
02007ef0 00000080 T __wut_fsa_translate_stat_mode
02007f70 00000144 T __wut_fsa_translate_stat
020080b4 00000028 T __wut_fsa_translate_error
020080dc 000001d4 T __wut_fsa_write
020082e0 000000cc T __wut_lock_init
020083cc 00000054 T __wut_lock_acquire
02008430 00000054 T __wut_lock_release
02008494 00000120 T __wut_fsa_chdir
020085c4 000000e0 T __wut_fsa_chmod
020086b4 0000009c T __wut_fsa_close
02008780 000000c4 t NotificationModule_AddStaticNotification(char const*, NotificationModuleNotificationType, float, float, _NMColor, _NMColor, void (*)(unsigned int, void*), void*, bool)
02008844 000000d0 t std::_Rb_tree<NotificationModuleNotificationType, std::pair<NotificationModuleNotificationType const, NMDefaultValueStore>, std::_Select1st<std::pair<NotificationModuleNotificationType const, NMDefaultValueStore> >, std::less<NotificationModuleNotificationType>, std::allocator<std::pair<NotificationModuleNotificationType const, NMDefaultValueStore> > >::_M_get_insert_unique_pos(NotificationModuleNotificationType const&) [clone .isra.0]
02008914 00000178 t std::_Rb_tree<NotificationModuleNotificationType, std::pair<NotificationModuleNotificationType const, NMDefaultValueStore>, std::_Select1st<std::pair<NotificationModuleNotificationType const, NMDefaultValueStore> >, std::less<NotificationModuleNotificationType>, std::allocator<std::pair<NotificationModuleNotificationType const, NMDefaultValueStore> > >::_M_get_insert_hint_unique_pos(std::_Rb_tree_const_iterator<std::pair<NotificationModuleNotificationType const, NMDefaultValueStore> >, NotificationModuleNotificationType const&) [clone .isra.0]
02008a8c 00000140 t std::_Rb_tree_iterator<std::pair<NotificationModuleNotificationType const, NMDefaultValueStore> > std::_Rb_tree<NotificationModuleNotificationType, std::pair<NotificationModuleNotificationType const, NMDefaultValueStore>, std::_Select1st<std::pair<NotificationModuleNotificationType const, NMDefaultValueStore> >, std::less<NotificationModuleNotificationType>, std::allocator<std::pair<NotificationModuleNotificationType const, NMDefaultValueStore> > >::_M_emplace_hint_unique<std::piecewise_construct_t const&, std::tuple<NotificationModuleNotificationType&&>, std::tuple<> >(std::_Rb_tree_const_iterator<std::pair<NotificationModuleNotificationType const, NMDefaultValueStore> >, std::piecewise_construct_t const&, std::tuple<NotificationModuleNotificationType&&>&&, std::tuple<>&&) [clone .isra.0]
02008bcc 000001ac t std::_Rb_tree<NotificationModuleNotificationType, std::pair<NotificationModuleNotificationType const, NMDefaultValueStore>, std::_Select1st<std::pair<NotificationModuleNotificationType const, NMDefaultValueStore> >, std::less<NotificationModuleNotificationType>, std::allocator<std::pair<NotificationModuleNotificationType const, NMDefaultValueStore> > >::_M_erase(std::_Rb_tree_node<std::pair<NotificationModuleNotificationType const, NMDefaultValueStore> >*) [clone .isra.0]
02008d78 000000d8 T NotificationModule_DeInitLibrary
02008e60 0000013c T NotificationModule_GetVersion
02008fcc 00000664 T NotificationModule_InitLibrary
02009660 00000114 T NotificationModule_AddInfoNotification
02009774 0000007c T __cxxabiv1::__class_type_info::__do_upcast(__cxxabiv1::__class_type_info const*, void**) const
020097f0 00000018 T __cxxabiv1::__class_type_info::__do_find_public_src(int, void const*, __cxxabiv1::__class_type_info const*, void const*) const
02009808 00000010 T __cxxabiv1::__class_type_info::~__class_type_info()
02009808 00000010 T __cxxabiv1::__class_type_info::~__class_type_info()
02009818 00000040 T __cxxabiv1::__class_type_info::~__class_type_info()
02009858 00000094 T __cxxabiv1::__class_type_info::__do_upcast(__cxxabiv1::__class_type_info const*, void const*, __cxxabiv1::__class_type_info::__upcast_result&) const
020098ec 00000104 T __cxxabiv1::__class_type_info::__do_catch(std::type_info const*, void**, unsigned int) const
020099f0 00000138 T __cxxabiv1::__class_type_info::__do_dyncast(int, __cxxabiv1::__class_type_info::__sub_kind, __cxxabiv1::__class_type_info const*, void const*, __cxxabiv1::__class_type_info const*, void const*, __cxxabiv1::__class_type_info::__dyncast_result&) const
02009b28 00000004 T operator delete(void*, unsigned int)
02009b2c 0000000c W __gnu_cxx::__concurrence_lock_error::what() const
02009b38 0000000c W __gnu_cxx::__concurrence_unlock_error::what() const
02009b44 00000010 W __gnu_cxx::__concurrence_lock_error::~__concurrence_lock_error()
02009b44 00000010 W __gnu_cxx::__concurrence_lock_error::~__concurrence_lock_error()
02009b54 00000040 W __gnu_cxx::__concurrence_lock_error::~__concurrence_lock_error()
02009b94 00000010 W __gnu_cxx::__concurrence_unlock_error::~__concurrence_unlock_error()
02009b94 00000010 W __gnu_cxx::__concurrence_unlock_error::~__concurrence_unlock_error()
02009ba4 00000040 W __gnu_cxx::__concurrence_unlock_error::~__concurrence_unlock_error()
02009be4 00000154 t (anonymous namespace)::pool::free(void*) [clone .constprop.0]
02009d38 00000104 t (anonymous namespace)::pool::allocate(unsigned int) [clone .constprop.0]
02009e3c 00000064 T __cxa_allocate_exception
02009ea0 00000030 T __cxa_free_exception
02009ed0 000000c8 T __cxa_begin_catch
02009f98 000000c0 T __cxa_end_catch
0200a058 00000004 T std::exception::~exception()
0200a058 00000004 T std::exception::~exception()
0200a05c 00000004 T std::bad_exception::~bad_exception()
0200a05c 00000004 T std::bad_exception::~bad_exception()
0200a060 0000000c T transaction clone for std::bad_exception::what() const
0200a060 0000000c T std::bad_exception::what() const
0200a06c 00000008 T std::bad_exception::~bad_exception()
0200a074 00000068 t eh_globals_dtor(void*)
0200a0dc 0000004c T __cxa_get_globals_fast
0200a128 000000bc T __cxa_get_globals
0200a1e4 000000a0 t get_adjusted_ptr(std::type_info const*, std::type_info const*, void**)
0200a284 0000013c t read_encoded_value_with_base(unsigned char, unsigned int, unsigned char const*, unsigned int*)
0200a3c0 00000068 t base_of_encoded_value(unsigned char, _Unwind_Context*)
0200a428 0000011c t parse_lsda_header(_Unwind_Context*, unsigned char const*, lsda_header_info*)
0200a544 00000138 t check_exception_spec(lsda_header_info*, std::type_info const*, void*, long)
0200a67c 00000830 T __gxx_personality_v0
0200aeac 000000f8 T __cxa_call_unexpected
0200afa4 00000020 T __cxxabiv1::__terminate(void (*)())
0200afc4 00000018 T __cxxabiv1::__unexpected(void (*)())
0200afdc 00000018 T std::get_terminate()
0200aff4 00000018 T std::get_unexpected()
0200b00c 0000008c t __gxx_exception_cleanup(_Unwind_Reason_Code, _Unwind_Exception*)
0200b098 00000070 T __cxa_init_primary_exception
0200b108 00000068 T __cxa_throw
0200b170 0000008c T __cxa_rethrow
0200b1fc 00000080 T operator new(unsigned int)
0200b27c 00000010 T __cxxabiv1::__si_class_type_info::~__si_class_type_info()
0200b27c 00000010 T __cxxabiv1::__si_class_type_info::~__si_class_type_info()
0200b28c 00000040 T __cxxabiv1::__si_class_type_info::~__si_class_type_info()
0200b2cc 000001d4 T __cxxabiv1::__si_class_type_info::__do_dyncast(int, __cxxabiv1::__class_type_info::__sub_kind, __cxxabiv1::__class_type_info const*, void const*, __cxxabiv1::__class_type_info const*, void const*, __cxxabiv1::__class_type_info::__dyncast_result&) const
0200b4a0 000000b4 T __cxxabiv1::__si_class_type_info::__do_find_public_src(int, void const*, __cxxabiv1::__class_type_info const*, void const*) const
0200b554 00000094 T __cxxabiv1::__si_class_type_info::__do_upcast(__cxxabiv1::__class_type_info const*, void const*, __cxxabiv1::__class_type_info::__upcast_result&) const
0200b5e8 00000004 T std::type_info::~type_info()
0200b5e8 00000004 T std::type_info::~type_info()
0200b5ec 00000008 T std::type_info::__is_pointer_p() const
0200b5ec 00000008 T std::type_info::__is_function_p() const
0200b5f4 00000008 T std::logic_error::what() const
0200b5f4 00000008 T std::runtime_error::what() const
0200b5fc 000000cc T std::logic_error::~logic_error()
0200b5fc 000000cc T std::logic_error::~logic_error()
0200b6c8 000000cc T std::runtime_error::~runtime_error()
0200b6c8 000000cc T std::runtime_error::~runtime_error()
0200b794 000000cc T std::length_error::~length_error()
0200b794 000000cc T std::length_error::~length_error()
0200b860 000000c8 T std::runtime_error::~runtime_error()
0200b928 000000c8 T std::logic_error::~logic_error()
0200b9f0 000000c8 T std::length_error::~length_error()
0200bab8 0000006c T std::_Rb_tree_increment(std::_Rb_tree_node_base*)
0200bb24 00000094 T std::_Rb_tree_decrement(std::_Rb_tree_node_base*)
0200bbb8 000002d8 T std::_Rb_tree_insert_and_rebalance(bool, std::_Rb_tree_node_base*, std::_Rb_tree_node_base*, std::_Rb_tree_node_base&)
0200be90 00000118 T std::logic_error::logic_error(char const*)
0200be90 00000118 T std::logic_error::logic_error(char const*)
0200bfa8 00000038 T std::length_error::length_error(char const*)
0200bfa8 00000038 T std::length_error::length_error(char const*)
0200bfe0 00000118 T std::runtime_error::runtime_error(char const*)
0200bfe0 00000118 T std::runtime_error::runtime_error(char const*)
0200c0f8 000000f8 T std::__cow_string::__cow_string(char const*, unsigned int)
0200c0f8 000000f8 T std::__cow_string::__cow_string(char const*, unsigned int)
0200c1f0 000000c4 W std::string::_Rep::_S_create(unsigned int, unsigned int, std::allocator<char> const&)
0200c2b4 00000004 W std::string::_Rep::_M_destroy(std::allocator<char> const&)
0200c2b8 0000005c T std::runtime_error::runtime_error(std::__cxx11::basic_string<char, std::char_traits<char>, std::allocator<char> > const&)
0200c2b8 0000005c T std::runtime_error::runtime_error(std::__cxx11::basic_string<char, std::char_traits<char>, std::allocator<char> > const&)
0200c314 0000000c T std::bad_alloc::what() const
0200c320 00000010 T std::bad_alloc::~bad_alloc()
0200c320 00000010 T std::bad_alloc::~bad_alloc()
0200c330 00000040 T std::bad_alloc::~bad_alloc()
0200c370 00000004 T operator delete(void*)
0200c374 00000018 T std::get_new_handler()
0200c38c 000003e8 T __divdi3
0200c774 000003b8 T __udivdi3
0200cb2c 0000001c T __gthread_active_p
0200cb48 0000001c T __gthread_once
0200cb64 0000001c T __gthread_key_create
0200cb80 00000044 T __gthread_key_delete
0200cbc4 00000044 T __gthread_getspecific
0200cc08 00000044 T __gthread_setspecific
0200cc4c 00000014 T __gthread_mutex_init_function
0200cc60 0000001c T __gthread_mutex_destroy
0200cc7c 0000001c T __gthread_mutex_lock
0200cc98 0000001c T __gthread_mutex_unlock
0200ccb4 000001d0 t init_dwarf_reg_size_table
0200ce84 000001cc t uw_install_context_1
0200d050 0000018c t read_encoded_value
0200d1dc 0000086c t execute_stack_op
0200da48 00000390 t uw_update_context_1
0200ddd8 00000950 t execute_cfa_program_specialized
0200e728 00000988 t execute_cfa_program_generic
0200f0b0 0000051c t uw_frame_state_for
0200f5cc 000002d0 t uw_init_context_1
0200f89c 000001cc t _Unwind_RaiseException_Phase2
0200fa68 000001f0 t _Unwind_ForcedUnwind_Phase2
0200fc58 00000068 T _Unwind_SetGR
0200fcc0 00000014 T _Unwind_GetIPInfo
0200fcd4 00000008 T _Unwind_SetIP
0200fcdc 00000008 T _Unwind_GetLanguageSpecificData
0200fce4 00000008 T _Unwind_GetRegionStart
0200fcec 00000008 T _Unwind_GetDataRelBase
0200fcf4 00000008 T _Unwind_GetTextRelBase
0200fcfc 00000004 t _Unwind_DebugHook
0200fd00 0000038c T _Unwind_RaiseException
0201008c 000001dc T _Unwind_Resume
02010268 00000280 T _Unwind_Resume_or_Rethrow
020104e8 0000001c T _Unwind_DeleteException
02010504 00000020 t fde_unencoded_compare
02010524 00000074 t fde_unencoded_extract
02010598 00000110 t frame_downheap
020106a8 0000000c t init_object_mutex
020106b4 0000013c t read_encoded_value_with_base
020107f0 000002a0 t fde_radixsort
02010a90 0000012c t __deregister_frame_info_bases.part.0
02010bbc 0000014c t get_cie_encoding
02010d08 000000fc t fde_mixed_encoding_extract
02010e04 0000021c t classify_object_over_fdes.constprop.0
02011020 00000108 t fde_single_encoding_extract
02011128 000000d0 t fde_single_encoding_compare
020111f8 00000150 t fde_mixed_encoding_compare
02011348 000002b4 t add_fdes.isra.0
020115fc 00000308 t linear_search_fdes
02011904 000006ac t search_object
02011fb0 0000009c T __register_frame_info
0201204c 00000020 T __deregister_frame_info
0201206c 00000260 T _Unwind_Find_FDE
020122cc 000001b4 T chdir
02012480 00000278 T _concatenate_path
020126f8 00000008 t null_write
02012700 00000018 T setDefaultDevice
02012718 0000014c T FindDevice
02012864 00000044 T RemoveDevice
020128a8 00000118 T AddDevice
020129c0 00000104 T strncpy
02012ac4 0000009c T strcmp
02012b60 00000038 T getenv
02012b98 00000190 T memset
02012d28 00000030 T strdup
02012d58 00000154 T strchr
02012eac 0000014c T memcpy
02012ff8 00000210 t _strtoul_l.isra.0
02013208 00000064 T strtoul
0201326c 000000c8 T strncmp
02013334 000001bc T memmove
020134f0 00000040 T calloc
02013530 00000080 T strlen
020135b0 0000006c T _strdup_r
0201361c 0000013c T memcmp
02013758 00000078 T strrchr
020137d0 00000184 T snprintf
02013954 0000008c T strcpy
020139e0 00000058 T malloc
02013a38 00000030 T free
02013a68 0000010c T _reclaim_reent
02013b74 00000144 T _findenv_r
02013cb8 00000178 T memchr
02013e30 000000c0 T strnlen
02013ef0 00000040 T memalign
02013f30 00000040 T __env_lock
02013f70 0000000c T __env_unlock
02013f7c 000023c0 T _svfprintf_r
0201633c 00000110 T _wcrtomb_r
0201644c 0000030c t quorem
02016758 0000163c T _dtoa_r
02017d94 0000010c T __ssprint_r
02017ea0 00000090 T frexp
02017f30 000000e0 T _Balloc
02018010 00000024 T _Bfree
02018034 00000154 T __multadd
02018188 00000098 T __hi0bits
02018220 0000010c T __lo0bits
0201832c 00000108 T __i2b
02018434 00000354 T __multiply
02018788 000001a4 T __pow5mult
0201892c 0000026c T __lshift
02018b98 000000dc T __mcmp
02018c74 00000328 T __mdiff
02018f9c 00000198 T __d2b
02019134 0000004c T _localeconv_r
02019180 0000004c T __locale_mb_cur_max
020191cc 00000010 T _wcsrtombs_r
020191dc 00000328 T __utf8_mbtowc
02019504 00000188 T __ssputs_r
0201968c 000001e8 T _wcsnrtombs_l
02019874 000000d8 T _wcsnrtombs_r
0201994c 00000108 T __utf8_wctomb
02019a54 00000014 T __libc_lock_acquire
02019a68 00000014 T __libc_lock_release
02019a7c 00000014 T __libc_lock_init_recursive
02019a90 00000390 T __umoddi3
02019e20 00000058 T _restfpr_14_x
02019e24 00000054 T _restfpr_15_x
02019e28 00000050 T _restfpr_16_x
02019e2c 0000004c T _restfpr_17_x
02019e30 00000048 T _restfpr_18_x
02019e34 00000044 T _restfpr_19_x
02019e38 00000040 T _restfpr_20_x
02019e3c 0000003c T _restfpr_21_x
02019e40 00000038 T _restfpr_22_x
02019e44 00000034 T _restfpr_23_x
02019e48 00000030 T _restfpr_24_x
02019e4c 0000002c T _restfpr_25_x
02019e50 00000028 T _restfpr_26_x
02019e54 00000024 T _restfpr_27_x
02019e58 00000020 T _restfpr_28_x
02019e5c 0000001c T _restfpr_29_x
02019e60 00000018 T _restfpr_30_x
02019e64 00000014 T _restfpr_31_x
02019e78 t __do_global_ctors_aux
02019ec8 T __fini
10000018 d .LC5
100001a8 d .LC16
100002c0 d .LC22
1000031c d .LC24
100003e8 d .LC28
10000464 d .LC33
10000798 d .LC3
10000854 d .LC0
100008bc d .LC0
10001178 d .LC7
10001868 d .LC2
10001944 00000018 V typeinfo name for WUPSConfigItemBoolean
1000195c 0000000c V typeinfo for WUPSConfigItemBoolean
10001968 0000001d V typeinfo name for WUPSConfigItemIntegerRange
10001988 0000000c V typeinfo for WUPSConfigItemIntegerRange
10001994 0000001f V typeinfo name for WUPSConfigItemMultipleValues
100019b4 0000000c V typeinfo for WUPSConfigItemMultipleValues
100019c0 00000015 V typeinfo name for WUPSConfigItemStub
100019d8 0000000c V typeinfo for WUPSConfigItemStub
100019e4 00000010 V vtable for WUPSConfigItemBoolean
100019f4 00000010 V vtable for WUPSConfigItemIntegerRange
10001a04 00000010 V vtable for WUPSConfigItemMultipleValues
10001a14 00000010 V vtable for WUPSConfigItemStub
10001a48 00000015 V typeinfo name for WUPSConfigCategory
10001a60 00000010 V vtable for WUPSConfigCategory
10001a70 00000011 V typeinfo name for WUPSConfigItem
10001a84 00000010 V vtable for WUPSConfigItem
10001bbc 00000080 d __wut_fsa_devoptab
10001c3c 00000042 d CSWTCH.24
10001cb4 00000022 V typeinfo name for __cxxabiv1::__class_type_info
10001cd8 0000000c V typeinfo for __cxxabiv1::__class_type_info
10001ce4 0000002c V vtable for __cxxabiv1::__class_type_info
10001d10 00000027 V typeinfo name for __gnu_cxx::__concurrence_lock_error
10001d38 0000000c V typeinfo for __gnu_cxx::__concurrence_lock_error
10001d44 00000029 V typeinfo name for __gnu_cxx::__concurrence_unlock_error
10001d70 0000000c V typeinfo for __gnu_cxx::__concurrence_unlock_error
10001d7c 00000014 V vtable for __gnu_cxx::__concurrence_lock_error
10001d90 00000014 V vtable for __gnu_cxx::__concurrence_unlock_error
10001da4 0000000d V typeinfo name for std::exception
10001db4 00000012 V typeinfo name for std::bad_exception
10001dc8 0000000c V typeinfo for std::bad_exception
10001dd4 00000020 V typeinfo name for __cxxabiv1::__forced_unwind
10001df4 00000024 V typeinfo name for __cxxabiv1::__foreign_exception
10001e18 00000014 V vtable for std::bad_exception
10001e60 00000025 V typeinfo name for __cxxabiv1::__si_class_type_info
10001e88 0000000c V typeinfo for __cxxabiv1::__si_class_type_info
10001e94 0000002c V vtable for __cxxabiv1::__si_class_type_info
10001ec0 0000000d V typeinfo name for std::type_info
10001ed0 00000010 V typeinfo name for std::logic_error
10001ee0 0000000c V typeinfo for std::logic_error
10001eec 00000011 V typeinfo name for std::length_error
10001f00 0000000c V typeinfo for std::length_error
10001f0c 00000012 V typeinfo name for std::runtime_error
10001f20 0000000c V typeinfo for std::runtime_error
10001f2c 00000014 V vtable for std::logic_error
10001f40 00000014 V vtable for std::length_error
10001f54 00000014 V vtable for std::runtime_error
10001f68 0000000d V typeinfo name for std::bad_alloc
10001f78 0000000c V typeinfo for std::bad_alloc
10001f84 00000014 V vtable for std::bad_alloc
1000247c 00000008 d terminator.0
10002484 00000080 D dotab_stdnull
10002504 00000101 D _ctype_
100027ac 00000010 d zeroes.0
100027bc 00000010 d blanks.1
100027f0 0000000c d p05.0
10002800 00000028 D __mprec_bigtens
10002828 000000c8 D __mprec_tens
10002c08 d __CTOR_LIST__
10002c0c D __CTOR_LIST__
10002c18 d __CTOR_END__
10002c18 D __CTOR_END__
10002c1c d __DTOR_LIST__
10002c20 D __DTOR_LIST__
10002c2c D __DTOR_END__
10002c30 d __EH_FRAME_BEGIN__
10002c30 D __EH_FRAME_BEGIN__
10007b1c D __EH_FRAME_END__
10007b1c d __FRAME_END__
10007b20 00000004 D real_FSOpenFile
10007b24 00000004 d sConfigPluginIdentifier
10007b28 00000004 d sConfigAPIVersion
10007b2c 00000028 d __internal_functions
10007b54 00000004 d sNotificationModuleVersion
10007b58 00000400 d _current_working_directory
10007f58 0000008c D devoptab_list
10007fe4 00000004 d defaultDevice
10007fe8 00000120 D _impure_data
10008108 0000016c D __global_locale
10008274 00000004 D sExampleOptionValue
10008278 00000004 D sIntegerRangeValue
1000827c 00000001 D sLogFSOpen
10008280 00000008 V typeinfo for WUPSConfigCategory
10008288 00000008 V typeinfo for WUPSConfigItem
10008290 00000008 V typeinfo for std::exception
10008298 00000008 V typeinfo for __cxxabiv1::__forced_unwind
100082a0 00000008 V typeinfo for __cxxabiv1::__foreign_exception
100082a8 00000004 D __cxxabiv1::__unexpected_handler
100082ac 00000008 V typeinfo for std::type_info
100082b4 00000004 D __cxxabiv1::__terminate_handler
100082b8 00000004 D _impure_ptr
100082bc 00000004 D environ
100082c0 00000004 B __wut_exit
100082c4 00000001 B __eh_globals_init::_S_init
100082c5 b completed.2
100082c8 b dtor_idx.1
100082cc b object.0
100082e4 00000001 b sConfigLibInitDone
100082e8 00000004 b sAPIItemDestroy
100082ec 00000004 b sAPIItemCreateEx
100082f0 00000004 b sAPICategoryAddItem
100082f4 00000004 b sAPICategoryAddCategory
100082f8 00000004 b sAPICategoryDestroy
100082fc 00000004 b sAPICategoryCreateEx
10008300 00000004 b sAPIInitEx
10008304 00000004 b sAPIGetVersion
10008308 00000004 b sModuleHandle
1000830c 00000004 b __wut_socket_devoptab_added
10008310 00000004 b sHeapSize
10008314 00000004 b sHeapMaxSize
10008318 00000004 b sHeapBase
1000831c 00000004 b sHeapHandle
10008320 0000002c b key_mutex
1000834c 00000400 b key_table
10008750 000003b8 B __wut_fsa_device_data
10008b08 00000004 b sLibcLockUsedMask
10008b0c 000002c0 b sLibcLocks
10008dcc 00000018 B sDefaultValues
10008de4 00000001 b sLibInitDone
10008de8 00000004 b sNMFinishDynamicNotification
10008dec 00000004 b sNMUpdateDynamicNotificationTextColor
10008df0 00000004 b sNMUpdateDynamicNotificationBackgroundColor
10008df4 00000004 b sNMUpdateDynamicNotificationText
10008df8 00000004 b sNMAddDynamicNotificationV2
10008dfc 00000004 b sNMAddStaticNotificationV2
10008e00 00000004 b sNMAddDynamicNotification
10008e04 00000004 b sNMAddStaticNotification
10008e08 00000004 b sNMIsOverlayReady
10008e0c 00000004 b sNMGetVersion
10008e10 00000004 b sModuleHandle
10008e14 00000038 b (anonymous namespace)::emergency_pool
10008e4c 00000004 b init
10008e50 00000008 b (anonymous namespace)::eh_globals
10008e58 00000010 V std::string::_Rep::_S_empty_rep_storage
10008e68 00000004 b (anonymous namespace)::__new_handler
10008e6c 00000004 b once_regsizes.0
10008e70 00000070 b dwarf_reg_size_table
10008ee0 00000004 b once.1
10008ee4 0000002c b object_mutex
10008f10 00000004 b seen_objects
10008f14 00000004 b unseen_objects
10008f18 00000400 b temp_cwd
10009318 00000150 B __sf
10009468 00000004 b __env_recursive_mutex
1000946c 00000004 b initial_env
10009470 00000093 R wups_meta_info_linking_order
10009504 0000001d R wups_meta_storage_id
10009524 00000018 R wups_meta_license
1000953c 00000017 R wups_meta_author
10009554 0000000f R wups_meta_version
10009564 0000005e R wups_meta_description
100095c4 00000043 R wups_meta_info_dump
10009608 0000000e R wups_meta_plugin_name
10009618 00000024 R wups_meta_buildtimestamp
1000963c 0000000b R wups_meta_wups
10009648 00000013 R wups_meta_name
1000965c 00000024 R wups_load_my_FSOpenFile
10009680 00000008 R wups_hooks_on_app_requests_exit
10009688 00000008 R wups_hooks_on_app_ending
10009690 00000008 R wups_hooks_on_app_starting
10009698 00000008 R wups_hooks_deinit_plugin
100096a0 00000008 R wups_hooks_init_plugin
100096a8 00000008 R wups_hooks_init_storage
100096b0 00000008 R wups_hooks_on_fini_wut_devoptab
100096b8 00000008 R wups_hooks_on_init_wut_devoptab
100096c0 00000008 R wups_hooks_wups_init_config_functions
100096c8 00000008 R wups_hooks___fini_wrapper
100096d0 00000008 R wups_hooks___init_wrapper
100096d8 00000008 R wups_hooks_on_fini_wut_stdcpp
100096e0 00000008 R wups_hooks_on_init_wut_stdcpp
100096e8 00000008 R wups_hooks_on_fini_wut_newlib
100096f0 00000008 R wups_hooks_on_init_wut_newlib
100096f8 00000008 R wups_hooks_on_fini_wut_sockets
10009700 00000008 R wups_hooks_on_init_wut_sockets
10009708 00000008 R wups_hooks_on_fini_wut_malloc
10009710 00000008 R wups_hooks_on_init_wut_malloc
c0000038 T FSAAddClient
c0000040 T FSAChangeDir
c0000048 T FSAChangeMode
c0000050 T FSACloseDir
c0000058 T FSACloseFile
c0000060 T FSADelClient
c0000068 T FSAFlushFile
c0000070 T FSAGetDeviceInfo
c0000078 T FSAGetFreeSpaceSize
c0000080 T FSAGetStat
c0000088 T FSAGetStatFile
c0000090 T FSAInit
c0000098 T FSAMakeDir
c00000a0 T FSAMount
c00000a8 T FSAOpenDir
c00000b0 T FSAOpenFileEx
c00000b8 T FSAReadDir
c00000c0 T FSAReadFile
c00000c8 T FSARemove
c00000d0 T FSARename
c00000d8 T FSARewindDir
c00000e0 T FSASetPosFile
c00000e8 T FSATruncateFile
c00000f0 T FSAUnmount
c00000f8 T FSAWriteFile
c0000100 T MEMFreeToExpHeap
c0000108 T MEMGetSizeForMBlockExpHeap
c0000110 T OSCompareAndSwapAtomic
c0000118 T OSCompareAndSwapAtomicEx
c0000120 T OSDynLoad_Acquire
c0000128 T OSDynLoad_FindExport
c0000130 T OSDynLoad_Release
c0000138 T OSFatal
c0000140 T OSGetCurrentThread
c0000148 T OSInitMutex
c0000150 T OSInitMutexEx
c0000158 T OSLockMutex
c0000160 T OSReport
c0000168 T OSSetThreadCleanupCallback
c0000170 T OSSwapAtomic
c0000178 T OSUnlockMutex
c0000180 T __rplwrap_exit
c00001a8 R MEMAllocFromDefaultHeapEx
c00001b0 R MEMFreeToDefaultHeap
